<?xml version="1.0" encoding="UTF-8"?>
<testsuites name="nextest-run" tests="3" failures="1" errors="0" timestamp="2022-02-10T20:09:34.393+00:00" time="0.003">
    <testsuite name="nextest-tests::basic" tests="3" disabled="0" errors="0" failures="1">
        <testcase name="test_cwd" classname="nextest-tests::basic" timestamp="2022-02-10T20:09:34.393+00:00" time="0.001">
        </testcase>
        <testcase name="test_flaky_mod_2" classname="nextest-tests::basic" timestamp="2022-02-10T20:09:34.394+00:00" time="0.001">
            <flakyFailure timestamp="2022-02-10T20:09:34.393+00:00" time="0.001" type="test failure">
                <system-out>
running 1 test
test test_flaky_mod_2 ... FAILED

failures:

failures:
    test_flaky_mod_2

test result: FAILED. 0 passed; 1 failed; 0 ignored; 0 measured; 10 filtered out; finished in 0.00s

</system-out>
                <system-err>thread &apos;test_flaky_mod_2&apos; panicked at &apos;Failed because attempt 1 % 2 != 0&apos;, tests/basic.rs:33:9
note: run with `RUST_BACKTRACE=1` environment variable to display a backtrace
</system-err>
            </flakyFailure>
        </testcase>
        <testcase name="test_failure_assert" classname="nextest-tests::basic" timestamp="2022-02-10T20:09:34.393+00:00" time="0.001">
            <failure type="test failure"/>
            <rerunFailure timestamp="2022-02-10T20:09:34.395+00:00" time="0.001" type="test failure">
                <system-out>
running 1 test
test test_failure_assert ... FAILED

failures:

failures:
    test_failure_assert

test result: FAILED. 0 passed; 1 failed; 0 ignored; 0 measured; 10 filtered out; finished in 0.00s

</system-out>
                <system-err>thread &apos;test_failure_assert&apos; panicked at &apos;assertion failed: `(left == right)`
  left: `4`,
 right: `5`: this is an assertion&apos;, tests/basic.rs:9:5
note: run with `RUST_BACKTRACE=1` environment variable to display a backtrace
</system-err>
            </rerunFailure>
            <rerunFailure timestamp="2022-02-10T20:09:34.396+00:00" time="0.001" type="test failure">
                <system-out>
running 1 test
test test_failure_assert ... FAILED

failures:

failures:
    test_failure_assert

test result: FAILED. 0 passed; 1 failed; 0 ignored; 0 measured; 10 filtered out; finished in 0.00s

</system-out>
                <system-err>thread &apos;test_failure_assert&apos; panicked at &apos;assertion failed: `(left == right)`
  left: `4`,
 right: `5`: this is an assertion&apos;, tests/basic.rs:9:5
note: run with `RUST_BACKTRACE=1` environment variable to display a backtrace
</system-err>
            </rerunFailure>
            <system-out>
running 1 test
test test_failure_assert ... FAILED

failures:

failures:
    test_failure_assert

test result: FAILED. 0 passed; 1 failed; 0 ignored; 0 measured; 10 filtered out; finished in 0.00s

</system-out>
            <system-err>thread &apos;test_failure_assert&apos; panicked at &apos;assertion failed: `(left == right)`
  left: `4`,
 right: `5`: this is an assertion&apos;, tests/basic.rs:9:5
note: run with `RUST_BACKTRACE=1` environment variable to display a backtrace
</system-err>
        </testcase>
    </testsuite>
</testsuites>
